[18:42:53] Using gulpfile ~/projects/cs/demo_cs/static/application/gulpfile.js
[18:42:53] Starting 'server'...
[18:42:53] Finished 'server' after 154 ms
[18:42:53] [nodemon] 1.11.0
[18:42:53] [nodemon] to restart at any time, enter `rs`
[18:42:53] [nodemon] watching: *.*
[18:42:53] [nodemon] starting `node app.js`
[BS] Proxying: http://localhost:5020
[BS] Access URLs:
 ------------------------------------
       Local: http://localhost:5208
    External: http://192.168.2.8:5208
 ------------------------------------
          UI: http://localhost:3012
 UI External: http://192.168.2.8:3012
 ------------------------------------
[BS] Watching files...
browser refreshed.
监听成功，请在浏览器访问 http://localhost: 5020
[BS] Reloading Browsers...
[BS] Reloading Browsers...
[BS] Reloading Browsers...
[BS] Reloading Browsers...
[BS] Reloading Browsers...
[BS] Reloading Browsers...
[BS] Reloading Browsers...
[BS] Reloading Browsers...
[BS] Reloading Browsers...
[BS] Reloading Browsers...
[BS] Reloading Browsers...
[BS] Reloading Browsers...
[BS] Reloading Browsers...
[BS] Reloading Browsers...
[BS] Reloading Browsers...
[BS] Reloading Browsers...
[BS] Reloading Browsers...
[BS] Reloading Browsers...
[BS] Reloading Browsers...
[BS] Reloading Browsers...
[BS] Reloading Browsers...
[BS] Reloading Browsers...
[10:11:42] [nodemon] app crashed - waiting for file changes before starting...
