nohup: gulp: No such file or directory
nohup: gulp: No such file or directory
nohup: gulp: No such file or directory
[20:58:43] Using gulpfile ~/Documents/cs_best_practice/app/gulpfile.js
[20:58:43] Starting 'server'...
[20:58:50] Finished 'server' after 7.11 s
[20:58:51] [nodemon] 1.11.0
[20:58:51] [nodemon] to restart at any time, enter `rs`
[20:58:51] [nodemon] watching: *.*
[20:58:51] [nodemon] starting `node app.js`
监听成功，请在浏览器访问 http://localhost: 5020
[BS] Proxying: http://localhost:5020
[BS] Access URLs:
 -------------------------------------
       Local: http://localhost:5200
    External: http://192.168.1.18:5200
 -------------------------------------
          UI: http://localhost:3001
 UI External: http://192.168.1.18:3001
 -------------------------------------
[BS] Watching files...
browser refreshed.
[20:59:49] [nodemon] app crashed - waiting for file changes before starting...
